[0m14:33:31.778879 [debug] [MainThread]: Sending event: {'category': 'dbt', 'action': 'invocation', 'label': 'start', 'context': [<snowplow_tracker.self_describing_json.SelfDescribingJson object at 0x7f80e1e5dfa0>, <snowplow_tracker.self_describing_json.SelfDescribingJson object at 0x7f80e02ae240>, <snowplow_tracker.self_describing_json.SelfDescribingJson object at 0x7f80dfe8df70>]}


============================== 14:33:31.802415 | f80fde38-cd55-4371-a640-083c23dfeb06 ==============================
[0m14:33:31.802415 [info ] [MainThread]: Running with dbt=1.9.0
[0m14:33:31.805116 [debug] [MainThread]: running dbt with arguments {'printer_width': '80', 'indirect_selection': 'eager', 'log_cache_events': 'False', 'write_json': 'True', 'partial_parse': 'True', 'cache_selected_only': 'False', 'warn_error': 'None', 'debug': 'False', 'version_check': 'True', 'log_path': 'logs', 'profiles_dir': '/root/.dbt', 'fail_fast': 'False', 'use_colors': 'True', 'use_experimental_parser': 'False', 'no_print': 'None', 'quiet': 'False', 'empty': 'None', 'log_format': 'default', 'introspect': 'True', 'warn_error_options': 'WarnErrorOptions(include=[], exclude=[])', 'static_parser': 'True', 'target_path': 'None', 'invocation_command': 'dbt init my_project', 'send_anonymous_usage_stats': 'True'}
[0m14:33:31.908010 [warn ] [MainThread]: [ConfigFolderDirectory]: Unable to parse logging event dictionary. Failed to parse dir field: expected string or bytes-like object, got 'PosixPath'.. Dictionary: {'dir': PosixPath('/root/.dbt')}
[0m14:33:31.911514 [info ] [MainThread]: Creating dbt configuration folder at 
[0m14:33:31.921961 [debug] [MainThread]: Starter project path: /usr/local/lib/python3.12/site-packages/dbt/include/starter_project
[0m14:33:31.956297 [info ] [MainThread]: 
Your new dbt project "my_project" was created!

For more information on how to configure the profiles.yml file,
please consult the dbt documentation here:

  https://docs.getdbt.com/docs/configure-your-profile

One more thing:

Need help? Don't hesitate to reach out to us via GitHub issues or on Slack:

  https://community.getdbt.com/

Happy modeling!

[0m14:33:31.958460 [info ] [MainThread]: Setting up your profile.
[0m14:35:15.031509 [info ] [MainThread]: Profile my_project written to /root/.dbt/profiles.yml using target's profile_template.yml and your supplied values. Run 'dbt debug' to validate the connection.
[0m14:35:15.035449 [debug] [MainThread]: Resource report: {"command_name": "init", "command_success": true, "command_wall_clock_time": 103.39338, "process_in_blocks": "0", "process_kernel_time": 0.437019, "process_mem_max_rss": "93096", "process_out_blocks": "1484", "process_user_time": 3.55909}
[0m14:35:15.037870 [debug] [MainThread]: Command `dbt init` succeeded at 14:35:15.037456 after 103.40 seconds
[0m14:35:15.039208 [debug] [MainThread]: Sending event: {'category': 'dbt', 'action': 'invocation', 'label': 'end', 'context': [<snowplow_tracker.self_describing_json.SelfDescribingJson object at 0x7f80df4d1af0>, <snowplow_tracker.self_describing_json.SelfDescribingJson object at 0x7f80dfdc4da0>, <snowplow_tracker.self_describing_json.SelfDescribingJson object at 0x7f80df809be0>]}
[0m14:35:15.041085 [debug] [MainThread]: Flushing usage events
[0m14:35:16.402436 [debug] [MainThread]: An error was encountered while trying to flush usage events
[0m14:35:37.093715 [debug] [MainThread]: Sending event: {'category': 'dbt', 'action': 'invocation', 'label': 'start', 'context': [<snowplow_tracker.self_describing_json.SelfDescribingJson object at 0x7f895e2fd640>, <snowplow_tracker.self_describing_json.SelfDescribingJson object at 0x7f895dcb4e00>, <snowplow_tracker.self_describing_json.SelfDescribingJson object at 0x7f895ef85df0>]}


============================== 14:35:37.112437 | cea00e23-8ed0-4ba5-a122-4a168eaebd81 ==============================
[0m14:35:37.112437 [info ] [MainThread]: Running with dbt=1.9.0
[0m14:35:37.115055 [debug] [MainThread]: running dbt with arguments {'printer_width': '80', 'indirect_selection': 'eager', 'write_json': 'True', 'log_cache_events': 'False', 'partial_parse': 'True', 'cache_selected_only': 'False', 'warn_error': 'None', 'debug': 'False', 'version_check': 'True', 'log_path': 'logs', 'profiles_dir': '/root/.dbt', 'fail_fast': 'False', 'use_colors': 'True', 'use_experimental_parser': 'False', 'empty': 'None', 'quiet': 'False', 'no_print': 'None', 'warn_error_options': 'WarnErrorOptions(include=[], exclude=[])', 'invocation_command': 'dbt debug', 'log_format': 'default', 'static_parser': 'True', 'target_path': 'None', 'introspect': 'True', 'send_anonymous_usage_stats': 'True'}
[0m14:35:37.209301 [info ] [MainThread]: dbt version: 1.9.0
[0m14:35:37.211120 [info ] [MainThread]: python version: 3.12.4
[0m14:35:37.212912 [info ] [MainThread]: python path: /usr/local/bin/python
[0m14:35:37.214643 [info ] [MainThread]: os info: Linux-6.10.14-linuxkit-x86_64-with-glibc2.31
[0m14:35:37.216129 [info ] [MainThread]: Using profiles dir at /root/.dbt
[0m14:35:37.217722 [info ] [MainThread]: Using profiles.yml file at /root/.dbt/profiles.yml
[0m14:35:37.219308 [info ] [MainThread]: Using dbt_project.yml file at /usr/app/dbt_project.yml
[0m14:35:37.220921 [info ] [MainThread]: Configuration:
[0m14:35:37.222391 [info ] [MainThread]:   profiles.yml file [[31mERROR not found[0m]
[0m14:35:37.223711 [info ] [MainThread]:   dbt_project.yml file [[31mERROR not found[0m]
[0m14:35:37.225039 [info ] [MainThread]: Required dependencies:
[0m14:35:37.226345 [debug] [MainThread]: Executing "git --help"
[0m14:35:37.232325 [debug] [MainThread]: STDOUT: "b"usage: git [--version] [--help] [-C <path>] [-c <name>=<value>]\n           [--exec-path[=<path>]] [--html-path] [--man-path] [--info-path]\n           [-p | --paginate | -P | --no-pager] [--no-replace-objects] [--bare]\n           [--git-dir=<path>] [--work-tree=<path>] [--namespace=<name>]\n           <command> [<args>]\n\nThese are common Git commands used in various situations:\n\nstart a working area (see also: git help tutorial)\n   clone             Clone a repository into a new directory\n   init              Create an empty Git repository or reinitialize an existing one\n\nwork on the current change (see also: git help everyday)\n   add               Add file contents to the index\n   mv                Move or rename a file, a directory, or a symlink\n   restore           Restore working tree files\n   rm                Remove files from the working tree and from the index\n   sparse-checkout   Initialize and modify the sparse-checkout\n\nexamine the history and state (see also: git help revisions)\n   bisect            Use binary search to find the commit that introduced a bug\n   diff              Show changes between commits, commit and working tree, etc\n   grep              Print lines matching a pattern\n   log               Show commit logs\n   show              Show various types of objects\n   status            Show the working tree status\n\ngrow, mark and tweak your common history\n   branch            List, create, or delete branches\n   commit            Record changes to the repository\n   merge             Join two or more development histories together\n   rebase            Reapply commits on top of another base tip\n   reset             Reset current HEAD to the specified state\n   switch            Switch branches\n   tag               Create, list, delete or verify a tag object signed with GPG\n\ncollaborate (see also: git help workflows)\n   fetch             Download objects and refs from another repository\n   pull              Fetch from and integrate with another repository or a local branch\n   push              Update remote refs along with associated objects\n\n'git help -a' and 'git help -g' list available subcommands and some\nconcept guides. See 'git help <command>' or 'git help <concept>'\nto read about a specific subcommand or concept.\nSee 'git help git' for an overview of the system.\n""
[0m14:35:37.234340 [debug] [MainThread]: STDERR: "b''"
[0m14:35:37.235857 [info ] [MainThread]:  - git [[32mOK found[0m]

[0m14:35:37.237832 [info ] [MainThread]: Connection test skipped since no profile was found
[0m14:35:37.240070 [info ] [MainThread]: [31m2 checks failed:[0m
[0m14:35:37.241786 [info ] [MainThread]: dbt looked for a profiles.yml file in /root/.dbt/profiles.yml, but did
not find one. For more information on configuring your profile, consult the
documentation:

https://docs.getdbt.com/docs/configure-your-profile


[0m14:35:37.243458 [info ] [MainThread]: Project loading failed for the following reason:
 project path </usr/app/dbt_project.yml> not found

[0m14:35:37.246345 [debug] [MainThread]: Resource report: {"command_name": "debug", "command_success": false, "command_wall_clock_time": 0.27197617, "process_in_blocks": "0", "process_kernel_time": 0.325662, "process_mem_max_rss": "87476", "process_out_blocks": "1474", "process_user_time": 3.209242}
[0m14:35:37.247946 [debug] [MainThread]: Command `dbt debug` failed at 14:35:37.247683 after 0.27 seconds
[0m14:35:37.249341 [debug] [MainThread]: Sending event: {'category': 'dbt', 'action': 'invocation', 'label': 'end', 'context': [<snowplow_tracker.self_describing_json.SelfDescribingJson object at 0x7f895f9d8770>, <snowplow_tracker.self_describing_json.SelfDescribingJson object at 0x7f895de4bec0>, <snowplow_tracker.self_describing_json.SelfDescribingJson object at 0x7f895e629040>]}
[0m14:35:37.251013 [debug] [MainThread]: Flushing usage events
[0m14:35:39.058724 [debug] [MainThread]: An error was encountered while trying to flush usage events
